<?xml version="1.0" encoding="UTF-8"?>
<testng-results skipped="0" failed="0" total="1" passed="1">
  <reporter-output>
  </reporter-output>
  <suite name="Tests" duration-ms="10142" started-at="2015-10-29T14:36:25Z" finished-at="2015-10-29T14:36:35Z">
    <groups>
    </groups>
    <test name="Test1" duration-ms="10142" started-at="2015-10-29T14:36:25Z" finished-at="2015-10-29T14:36:35Z">
      <class name="kugushina.LoginTest">
        <test-method status="PASS" signature="init()[pri:0, instance:kugushina.LoginTest@39ba5a14]" name="init" is-config="true" duration-ms="8808" started-at="2015-10-29T17:36:25Z" finished-at="2015-10-29T17:36:34Z">
          <reporter-output>
          </reporter-output>
        </test-method> <!-- init -->
        <test-method status="PASS" signature="testUntitled()[pri:0, instance:kugushina.LoginTest@39ba5a14]" name="testUntitled" duration-ms="1327" started-at="2015-10-29T17:36:34Z" finished-at="2015-10-29T17:36:35Z">
          <reporter-output>
          </reporter-output>
        </test-method> <!-- testUntitled -->
        <test-method status="PASS" signature="tearDown()[pri:0, instance:kugushina.LoginTest@39ba5a14]" name="tearDown" is-config="true" duration-ms="506" started-at="2015-10-29T17:36:35Z" finished-at="2015-10-29T17:36:36Z">
          <reporter-output>
          </reporter-output>
        </test-method> <!-- tearDown -->
      </class> <!-- kugushina.LoginTest -->
    </test> <!-- Test1 -->
  </suite> <!-- Tests -->
</testng-results>
