<?xml version="1.0" encoding="UTF-8"?>
<testng-results skipped="0" failed="0" total="1" passed="1">
  <reporter-output>
  </reporter-output>
  <suite name="Default suite" duration-ms="11362" started-at="2015-11-06T13:23:23Z" finished-at="2015-11-06T13:23:35Z">
    <groups>
    </groups>
    <test name="Default test" duration-ms="11362" started-at="2015-11-06T13:23:23Z" finished-at="2015-11-06T13:23:35Z">
      <class name="kugushina.SecondHomework_delete">
        <test-method status="PASS" signature="init()[pri:0, instance:kugushina.SecondHomework_delete@7dc36524]" name="init" is-config="true" duration-ms="8601" started-at="2015-11-06T16:23:23Z" finished-at="2015-11-06T16:23:32Z">
          <reporter-output>
          </reporter-output>
        </test-method> <!-- init -->
        <test-method status="PASS" signature="testUntitled()[pri:0, instance:kugushina.SecondHomework_delete@7dc36524]" name="testUntitled" duration-ms="2752" started-at="2015-11-06T16:23:32Z" finished-at="2015-11-06T16:23:35Z">
          <reporter-output>
          </reporter-output>
        </test-method> <!-- testUntitled -->
        <test-method status="PASS" signature="tearDown()[pri:0, instance:kugushina.SecondHomework_delete@7dc36524]" name="tearDown" is-config="true" duration-ms="810" started-at="2015-11-06T16:23:35Z" finished-at="2015-11-06T16:23:36Z">
          <reporter-output>
          </reporter-output>
        </test-method> <!-- tearDown -->
      </class> <!-- kugushina.SecondHomework_delete -->
    </test> <!-- Default test -->
  </suite> <!-- Default suite -->
</testng-results>
