<?xml version="1.0" encoding="UTF-8"?>
<testng-results skipped="0" failed="0" total="1" passed="1">
  <reporter-output>
  </reporter-output>
  <suite name="Default suite" duration-ms="12381" started-at="2015-11-12T16:56:19Z" finished-at="2015-11-12T16:56:32Z">
    <groups>
    </groups>
    <test name="Default test" duration-ms="12381" started-at="2015-11-12T16:56:19Z" finished-at="2015-11-12T16:56:32Z">
      <class name="kugushina.SecondHomework_search">
        <test-method status="PASS" signature="init()[pri:0, instance:kugushina.SecondHomework_search@7dc36524]" name="init" is-config="true" duration-ms="6062" started-at="2015-11-12T19:56:19Z" finished-at="2015-11-12T19:56:25Z">
          <reporter-output>
          </reporter-output>
        </test-method> <!-- init -->
        <test-method status="PASS" signature="testUntitled()[pri:0, instance:kugushina.SecondHomework_search@7dc36524]" name="testUntitled" duration-ms="6309" started-at="2015-11-12T19:56:25Z" finished-at="2015-11-12T19:56:32Z">
          <reporter-output>
          </reporter-output>
        </test-method> <!-- testUntitled -->
        <test-method status="PASS" signature="tearDown()[pri:0, instance:kugushina.SecondHomework_search@7dc36524]" name="tearDown" is-config="true" duration-ms="424" started-at="2015-11-12T19:56:32Z" finished-at="2015-11-12T19:56:32Z">
          <reporter-output>
          </reporter-output>
        </test-method> <!-- tearDown -->
      </class> <!-- kugushina.SecondHomework_search -->
    </test> <!-- Default test -->
  </suite> <!-- Default suite -->
</testng-results>
